{"C:\\Users\\Dell\\OneDrive\\Desktop\\JavaScript_Tasks\\kata_11th_feb\\array.js": {"path":"C:\\Users\\Dell\\OneDrive\\Desktop\\JavaScript_Tasks\\kata_11th_feb\\array.js","all":false,"statementMap":{"0":{"start":{"line":1,"column":0},"end":{"line":1,"column":42}},"1":{"start":{"line":2,"column":0},"end":{"line":2,"column":28}},"2":{"start":{"line":3,"column":0},"end":{"line":3,"column":40}},"3":{"start":{"line":4,"column":0},"end":{"line":4,"column":32}},"4":{"start":{"line":5,"column":0},"end":{"line":5,"column":36}},"5":{"start":{"line":6,"column":0},"end":{"line":6,"column":7}},"6":{"start":{"line":7,"column":0},"end":{"line":7,"column":25}},"7":{"start":{"line":8,"column":0},"end":{"line":8,"column":1}},"8":{"start":{"line":9,"column":0},"end":{"line":9,"column":0}},"9":{"start":{"line":10,"column":0},"end":{"line":10,"column":44}},"10":{"start":{"line":11,"column":0},"end":{"line":11,"column":24}},"11":{"start":{"line":12,"column":0},"end":{"line":12,"column":40}},"12":{"start":{"line":13,"column":0},"end":{"line":13,"column":29}},"13":{"start":{"line":14,"column":0},"end":{"line":14,"column":37}},"14":{"start":{"line":15,"column":0},"end":{"line":15,"column":10}},"15":{"start":{"line":16,"column":0},"end":{"line":16,"column":7}},"16":{"start":{"line":17,"column":0},"end":{"line":17,"column":22}},"17":{"start":{"line":18,"column":0},"end":{"line":18,"column":1}},"18":{"start":{"line":19,"column":0},"end":{"line":19,"column":0}},"19":{"start":{"line":20,"column":0},"end":{"line":20,"column":37}},"20":{"start":{"line":21,"column":0},"end":{"line":21,"column":50}},"21":{"start":{"line":22,"column":0},"end":{"line":22,"column":17}},"22":{"start":{"line":23,"column":0},"end":{"line":23,"column":1}},"23":{"start":{"line":24,"column":0},"end":{"line":24,"column":0}},"24":{"start":{"line":25,"column":0},"end":{"line":25,"column":29}},"25":{"start":{"line":26,"column":0},"end":{"line":26,"column":61}},"26":{"start":{"line":27,"column":0},"end":{"line":27,"column":21}},"27":{"start":{"line":28,"column":0},"end":{"line":28,"column":1}},"28":{"start":{"line":29,"column":0},"end":{"line":29,"column":0}},"29":{"start":{"line":30,"column":0},"end":{"line":30,"column":58}},"30":{"start":{"line":31,"column":0},"end":{"line":31,"column":87}},"31":{"start":{"line":32,"column":0},"end":{"line":32,"column":41}},"32":{"start":{"line":33,"column":0},"end":{"line":33,"column":1}},"33":{"start":{"line":34,"column":0},"end":{"line":34,"column":0}},"34":{"start":{"line":35,"column":0},"end":{"line":35,"column":32}},"35":{"start":{"line":36,"column":0},"end":{"line":36,"column":60}},"36":{"start":{"line":37,"column":0},"end":{"line":37,"column":1}},"37":{"start":{"line":38,"column":0},"end":{"line":38,"column":0}},"38":{"start":{"line":39,"column":0},"end":{"line":39,"column":38}},"39":{"start":{"line":40,"column":0},"end":{"line":40,"column":60}},"40":{"start":{"line":41,"column":0},"end":{"line":41,"column":4}},"41":{"start":{"line":42,"column":0},"end":{"line":42,"column":0}},"42":{"start":{"line":43,"column":0},"end":{"line":43,"column":28}},"43":{"start":{"line":44,"column":0},"end":{"line":44,"column":48}},"44":{"start":{"line":45,"column":0},"end":{"line":45,"column":1}},"45":{"start":{"line":46,"column":0},"end":{"line":46,"column":0}},"46":{"start":{"line":47,"column":0},"end":{"line":47,"column":36}},"47":{"start":{"line":48,"column":0},"end":{"line":48,"column":42}},"48":{"start":{"line":49,"column":0},"end":{"line":49,"column":1}},"49":{"start":{"line":50,"column":0},"end":{"line":50,"column":0}},"50":{"start":{"line":51,"column":0},"end":{"line":51,"column":30}},"51":{"start":{"line":52,"column":0},"end":{"line":52,"column":47}},"52":{"start":{"line":53,"column":0},"end":{"line":53,"column":1}},"53":{"start":{"line":54,"column":0},"end":{"line":54,"column":0}},"54":{"start":{"line":55,"column":0},"end":{"line":55,"column":42}},"55":{"start":{"line":56,"column":0},"end":{"line":56,"column":23}},"56":{"start":{"line":57,"column":0},"end":{"line":57,"column":46}},"57":{"start":{"line":58,"column":0},"end":{"line":58,"column":37}},"58":{"start":{"line":59,"column":0},"end":{"line":59,"column":9}},"59":{"start":{"line":60,"column":0},"end":{"line":60,"column":18}},"60":{"start":{"line":61,"column":0},"end":{"line":61,"column":1}},"61":{"start":{"line":62,"column":0},"end":{"line":62,"column":0}},"62":{"start":{"line":63,"column":0},"end":{"line":63,"column":44}},"63":{"start":{"line":64,"column":0},"end":{"line":64,"column":61}},"64":{"start":{"line":65,"column":0},"end":{"line":65,"column":1}},"65":{"start":{"line":66,"column":0},"end":{"line":66,"column":0}},"66":{"start":{"line":67,"column":0},"end":{"line":67,"column":35}},"67":{"start":{"line":68,"column":0},"end":{"line":68,"column":18}},"68":{"start":{"line":69,"column":0},"end":{"line":69,"column":34}},"69":{"start":{"line":70,"column":0},"end":{"line":70,"column":34}},"70":{"start":{"line":71,"column":0},"end":{"line":71,"column":5}},"71":{"start":{"line":72,"column":0},"end":{"line":72,"column":16}},"72":{"start":{"line":73,"column":0},"end":{"line":73,"column":1}},"73":{"start":{"line":74,"column":0},"end":{"line":74,"column":0}},"74":{"start":{"line":75,"column":0},"end":{"line":75,"column":39}},"75":{"start":{"line":76,"column":0},"end":{"line":76,"column":73}},"76":{"start":{"line":77,"column":0},"end":{"line":77,"column":16}},"77":{"start":{"line":78,"column":0},"end":{"line":78,"column":55}},"78":{"start":{"line":79,"column":0},"end":{"line":79,"column":45}},"79":{"start":{"line":80,"column":0},"end":{"line":80,"column":12}},"80":{"start":{"line":81,"column":0},"end":{"line":81,"column":10}},"81":{"start":{"line":82,"column":0},"end":{"line":82,"column":1}},"82":{"start":{"line":83,"column":0},"end":{"line":83,"column":0}},"83":{"start":{"line":84,"column":0},"end":{"line":84,"column":35}},"84":{"start":{"line":85,"column":0},"end":{"line":85,"column":60}},"85":{"start":{"line":86,"column":0},"end":{"line":86,"column":1}},"86":{"start":{"line":87,"column":0},"end":{"line":87,"column":0}},"87":{"start":{"line":88,"column":0},"end":{"line":88,"column":45}},"88":{"start":{"line":89,"column":0},"end":{"line":89,"column":36}},"89":{"start":{"line":90,"column":0},"end":{"line":90,"column":64}},"90":{"start":{"line":91,"column":0},"end":{"line":91,"column":38}},"91":{"start":{"line":92,"column":0},"end":{"line":92,"column":50}},"92":{"start":{"line":93,"column":0},"end":{"line":93,"column":24}},"93":{"start":{"line":94,"column":0},"end":{"line":94,"column":16}},"94":{"start":{"line":95,"column":0},"end":{"line":95,"column":12}},"95":{"start":{"line":96,"column":0},"end":{"line":96,"column":8}},"96":{"start":{"line":97,"column":0},"end":{"line":97,"column":33}},"97":{"start":{"line":98,"column":0},"end":{"line":98,"column":4}},"98":{"start":{"line":99,"column":0},"end":{"line":99,"column":0}},"99":{"start":{"line":100,"column":0},"end":{"line":100,"column":31}},"100":{"start":{"line":101,"column":0},"end":{"line":101,"column":22}},"101":{"start":{"line":102,"column":0},"end":{"line":102,"column":41}},"102":{"start":{"line":103,"column":0},"end":{"line":103,"column":27}},"103":{"start":{"line":104,"column":0},"end":{"line":104,"column":54}},"104":{"start":{"line":105,"column":0},"end":{"line":105,"column":48}},"105":{"start":{"line":106,"column":0},"end":{"line":106,"column":41}},"106":{"start":{"line":107,"column":0},"end":{"line":107,"column":20}},"107":{"start":{"line":108,"column":0},"end":{"line":108,"column":97}},"108":{"start":{"line":109,"column":0},"end":{"line":109,"column":13}},"109":{"start":{"line":110,"column":0},"end":{"line":110,"column":9}},"110":{"start":{"line":111,"column":0},"end":{"line":111,"column":5}},"111":{"start":{"line":112,"column":0},"end":{"line":112,"column":19}},"112":{"start":{"line":113,"column":0},"end":{"line":113,"column":1}},"113":{"start":{"line":114,"column":0},"end":{"line":114,"column":0}},"114":{"start":{"line":115,"column":0},"end":{"line":115,"column":38}},"115":{"start":{"line":116,"column":0},"end":{"line":116,"column":28}},"116":{"start":{"line":117,"column":0},"end":{"line":117,"column":63}},"117":{"start":{"line":118,"column":0},"end":{"line":118,"column":38}},"118":{"start":{"line":119,"column":0},"end":{"line":119,"column":38}},"119":{"start":{"line":120,"column":0},"end":{"line":120,"column":9}},"120":{"start":{"line":121,"column":0},"end":{"line":121,"column":5}},"121":{"start":{"line":122,"column":0},"end":{"line":122,"column":25}},"122":{"start":{"line":123,"column":0},"end":{"line":123,"column":1}},"123":{"start":{"line":124,"column":0},"end":{"line":124,"column":0}},"124":{"start":{"line":125,"column":0},"end":{"line":125,"column":32}},"125":{"start":{"line":126,"column":0},"end":{"line":126,"column":23}},"126":{"start":{"line":127,"column":0},"end":{"line":127,"column":45}},"127":{"start":{"line":128,"column":0},"end":{"line":128,"column":29}},"128":{"start":{"line":129,"column":0},"end":{"line":129,"column":33}},"129":{"start":{"line":130,"column":0},"end":{"line":130,"column":9}},"130":{"start":{"line":131,"column":0},"end":{"line":131,"column":5}},"131":{"start":{"line":132,"column":0},"end":{"line":132,"column":20}},"132":{"start":{"line":133,"column":0},"end":{"line":133,"column":1}},"133":{"start":{"line":134,"column":0},"end":{"line":134,"column":0}},"134":{"start":{"line":135,"column":0},"end":{"line":135,"column":36}},"135":{"start":{"line":136,"column":0},"end":{"line":136,"column":20}},"136":{"start":{"line":137,"column":0},"end":{"line":137,"column":27}},"137":{"start":{"line":138,"column":0},"end":{"line":138,"column":20}},"138":{"start":{"line":139,"column":0},"end":{"line":139,"column":38}},"139":{"start":{"line":140,"column":0},"end":{"line":140,"column":27}},"140":{"start":{"line":141,"column":0},"end":{"line":141,"column":25}},"141":{"start":{"line":142,"column":0},"end":{"line":142,"column":36}},"142":{"start":{"line":143,"column":0},"end":{"line":143,"column":24}},"143":{"start":{"line":144,"column":0},"end":{"line":144,"column":19}},"144":{"start":{"line":145,"column":0},"end":{"line":145,"column":21}},"145":{"start":{"line":146,"column":0},"end":{"line":146,"column":20}},"146":{"start":{"line":147,"column":0},"end":{"line":147,"column":19}},"147":{"start":{"line":148,"column":0},"end":{"line":148,"column":23}},"148":{"start":{"line":149,"column":0},"end":{"line":149,"column":18}}},"s":{"0":1,"1":1,"2":1,"3":6,"4":6,"5":1,"6":1,"7":1,"8":1,"9":1,"10":1,"11":1,"12":6,"13":3,"14":6,"15":1,"16":1,"17":1,"18":1,"19":1,"20":1,"21":1,"22":1,"23":1,"24":1,"25":1,"26":1,"27":1,"28":1,"29":1,"30":1,"31":1,"32":1,"33":1,"34":1,"35":1,"36":1,"37":1,"38":1,"39":1,"40":1,"41":1,"42":1,"43":1,"44":1,"45":1,"46":1,"47":1,"48":1,"49":1,"50":1,"51":1,"52":1,"53":1,"54":1,"55":1,"56":1,"57":4,"58":4,"59":1,"60":1,"61":1,"62":1,"63":1,"64":1,"65":1,"66":1,"67":1,"68":1,"69":4,"70":4,"71":1,"72":1,"73":1,"74":1,"75":1,"76":1,"77":1,"78":1,"79":1,"80":1,"81":1,"82":1,"83":1,"84":1,"85":1,"86":1,"87":1,"88":1,"89":1,"90":1,"91":1,"92":1,"93":1,"94":1,"95":1,"96":1,"97":1,"98":1,"99":1,"100":1,"101":1,"102":5,"103":5,"104":15,"105":9,"106":15,"107":6,"108":6,"109":15,"110":5,"111":1,"112":1,"113":1,"114":1,"115":1,"116":1,"117":4,"118":2,"119":2,"120":4,"121":1,"122":1,"123":1,"124":1,"125":1,"126":1,"127":10,"128":5,"129":5,"130":10,"131":1,"132":1,"133":1,"134":1,"135":1,"136":1,"137":1,"138":1,"139":1,"140":1,"141":1,"142":1,"143":1,"144":1,"145":1,"146":1,"147":1,"148":1},"branchMap":{"0":{"type":"branch","line":1,"loc":{"start":{"line":1,"column":0},"end":{"line":8,"column":1}},"locations":[{"start":{"line":1,"column":0},"end":{"line":8,"column":1}}]},"1":{"type":"branch","line":3,"loc":{"start":{"line":3,"column":28},"end":{"line":6,"column":5}},"locations":[{"start":{"line":3,"column":28},"end":{"line":6,"column":5}}]},"2":{"type":"branch","line":10,"loc":{"start":{"line":10,"column":24},"end":{"line":18,"column":1}},"locations":[{"start":{"line":10,"column":24},"end":{"line":18,"column":1}}]},"3":{"type":"branch","line":12,"loc":{"start":{"line":12,"column":28},"end":{"line":16,"column":5}},"locations":[{"start":{"line":12,"column":28},"end":{"line":16,"column":5}}]},"4":{"type":"branch","line":13,"loc":{"start":{"line":13,"column":28},"end":{"line":15,"column":9}},"locations":[{"start":{"line":13,"column":28},"end":{"line":15,"column":9}}]},"5":{"type":"branch","line":20,"loc":{"start":{"line":20,"column":0},"end":{"line":23,"column":1}},"locations":[{"start":{"line":20,"column":0},"end":{"line":23,"column":1}}]},"6":{"type":"branch","line":21,"loc":{"start":{"line":21,"column":26},"end":{"line":21,"column":49}},"locations":[{"start":{"line":21,"column":26},"end":{"line":21,"column":49}}]},"7":{"type":"branch","line":25,"loc":{"start":{"line":25,"column":0},"end":{"line":28,"column":1}},"locations":[{"start":{"line":25,"column":0},"end":{"line":28,"column":1}}]},"8":{"type":"branch","line":26,"loc":{"start":{"line":26,"column":33},"end":{"line":26,"column":60}},"locations":[{"start":{"line":26,"column":33},"end":{"line":26,"column":60}}]},"9":{"type":"branch","line":30,"loc":{"start":{"line":30,"column":0},"end":{"line":33,"column":1}},"locations":[{"start":{"line":30,"column":0},"end":{"line":33,"column":1}}]},"10":{"type":"branch","line":31,"loc":{"start":{"line":31,"column":62},"end":{"line":31,"column":86}},"locations":[{"start":{"line":31,"column":62},"end":{"line":31,"column":86}}]},"11":{"type":"branch","line":35,"loc":{"start":{"line":35,"column":0},"end":{"line":37,"column":1}},"locations":[{"start":{"line":35,"column":0},"end":{"line":37,"column":1}}]},"12":{"type":"branch","line":36,"loc":{"start":{"line":36,"column":28},"end":{"line":36,"column":59}},"locations":[{"start":{"line":36,"column":28},"end":{"line":36,"column":59}}]},"13":{"type":"branch","line":43,"loc":{"start":{"line":43,"column":0},"end":{"line":45,"column":1}},"locations":[{"start":{"line":43,"column":0},"end":{"line":45,"column":1}}]},"14":{"type":"branch","line":44,"loc":{"start":{"line":44,"column":26},"end":{"line":44,"column":47}},"locations":[{"start":{"line":44,"column":26},"end":{"line":44,"column":47}}]},"15":{"type":"branch","line":47,"loc":{"start":{"line":47,"column":0},"end":{"line":49,"column":1}},"locations":[{"start":{"line":47,"column":0},"end":{"line":49,"column":1}}]},"16":{"type":"branch","line":48,"loc":{"start":{"line":48,"column":20},"end":{"line":48,"column":41}},"locations":[{"start":{"line":48,"column":20},"end":{"line":48,"column":41}}]},"17":{"type":"branch","line":51,"loc":{"start":{"line":51,"column":0},"end":{"line":53,"column":1}},"locations":[{"start":{"line":51,"column":0},"end":{"line":53,"column":1}}]},"18":{"type":"branch","line":52,"loc":{"start":{"line":52,"column":20},"end":{"line":52,"column":46}},"locations":[{"start":{"line":52,"column":20},"end":{"line":52,"column":46}}]},"19":{"type":"branch","line":55,"loc":{"start":{"line":55,"column":0},"end":{"line":61,"column":1}},"locations":[{"start":{"line":55,"column":0},"end":{"line":61,"column":1}}]},"20":{"type":"branch","line":57,"loc":{"start":{"line":57,"column":45},"end":{"line":59,"column":9}},"locations":[{"start":{"line":57,"column":45},"end":{"line":59,"column":9}}]},"21":{"type":"branch","line":63,"loc":{"start":{"line":63,"column":0},"end":{"line":65,"column":1}},"locations":[{"start":{"line":63,"column":0},"end":{"line":65,"column":1}}]},"22":{"type":"branch","line":64,"loc":{"start":{"line":64,"column":32},"end":{"line":64,"column":60}},"locations":[{"start":{"line":64,"column":32},"end":{"line":64,"column":60}}]},"23":{"type":"branch","line":67,"loc":{"start":{"line":67,"column":0},"end":{"line":73,"column":1}},"locations":[{"start":{"line":67,"column":0},"end":{"line":73,"column":1}}]},"24":{"type":"branch","line":69,"loc":{"start":{"line":69,"column":33},"end":{"line":71,"column":5}},"locations":[{"start":{"line":69,"column":33},"end":{"line":71,"column":5}}]},"25":{"type":"branch","line":75,"loc":{"start":{"line":75,"column":0},"end":{"line":82,"column":1}},"locations":[{"start":{"line":75,"column":0},"end":{"line":82,"column":1}}]},"26":{"type":"branch","line":76,"loc":{"start":{"line":76,"column":37},"end":{"line":76,"column":72}},"locations":[{"start":{"line":76,"column":37},"end":{"line":76,"column":72}}]},"27":{"type":"branch","line":84,"loc":{"start":{"line":84,"column":0},"end":{"line":86,"column":1}},"locations":[{"start":{"line":84,"column":0},"end":{"line":86,"column":1}}]},"28":{"type":"branch","line":85,"loc":{"start":{"line":85,"column":24},"end":{"line":85,"column":59}},"locations":[{"start":{"line":85,"column":24},"end":{"line":85,"column":59}}]},"29":{"type":"branch","line":85,"loc":{"start":{"line":85,"column":51},"end":{"line":85,"column":55}},"locations":[{"start":{"line":85,"column":51},"end":{"line":85,"column":55}}]},"30":{"type":"branch","line":85,"loc":{"start":{"line":85,"column":55},"end":{"line":85,"column":59}},"locations":[{"start":{"line":85,"column":55},"end":{"line":85,"column":59}}]},"31":{"type":"branch","line":100,"loc":{"start":{"line":100,"column":0},"end":{"line":113,"column":1}},"locations":[{"start":{"line":100,"column":0},"end":{"line":113,"column":1}}]},"32":{"type":"branch","line":102,"loc":{"start":{"line":102,"column":40},"end":{"line":111,"column":5}},"locations":[{"start":{"line":102,"column":40},"end":{"line":111,"column":5}}]},"33":{"type":"branch","line":104,"loc":{"start":{"line":104,"column":53},"end":{"line":110,"column":9}},"locations":[{"start":{"line":104,"column":53},"end":{"line":110,"column":9}}]},"34":{"type":"branch","line":105,"loc":{"start":{"line":105,"column":27},"end":{"line":105,"column":45}},"locations":[{"start":{"line":105,"column":27},"end":{"line":105,"column":45}}]},"35":{"type":"branch","line":105,"loc":{"start":{"line":105,"column":47},"end":{"line":107,"column":13}},"locations":[{"start":{"line":105,"column":47},"end":{"line":107,"column":13}}]},"36":{"type":"branch","line":107,"loc":{"start":{"line":107,"column":13},"end":{"line":109,"column":13}},"locations":[{"start":{"line":107,"column":13},"end":{"line":109,"column":13}}]},"37":{"type":"branch","line":115,"loc":{"start":{"line":115,"column":0},"end":{"line":123,"column":1}},"locations":[{"start":{"line":115,"column":0},"end":{"line":123,"column":1}}]},"38":{"type":"branch","line":117,"loc":{"start":{"line":117,"column":62},"end":{"line":121,"column":5}},"locations":[{"start":{"line":117,"column":62},"end":{"line":121,"column":5}}]},"39":{"type":"branch","line":118,"loc":{"start":{"line":118,"column":37},"end":{"line":120,"column":9}},"locations":[{"start":{"line":118,"column":37},"end":{"line":120,"column":9}}]},"40":{"type":"branch","line":125,"loc":{"start":{"line":125,"column":0},"end":{"line":133,"column":1}},"locations":[{"start":{"line":125,"column":0},"end":{"line":133,"column":1}}]},"41":{"type":"branch","line":127,"loc":{"start":{"line":127,"column":44},"end":{"line":131,"column":5}},"locations":[{"start":{"line":127,"column":44},"end":{"line":131,"column":5}}]},"42":{"type":"branch","line":128,"loc":{"start":{"line":128,"column":28},"end":{"line":130,"column":9}},"locations":[{"start":{"line":128,"column":28},"end":{"line":130,"column":9}}]}},"b":{"0":[1],"1":[6],"2":[1],"3":[6],"4":[3],"5":[1],"6":[6],"7":[1],"8":[6],"9":[1],"10":[5],"11":[1],"12":[4],"13":[1],"14":[10],"15":[1],"16":[5],"17":[1],"18":[5],"19":[1],"20":[4],"21":[1],"22":[5],"23":[1],"24":[4],"25":[1],"26":[6],"27":[1],"28":[7],"29":[5],"30":[2],"31":[1],"32":[5],"33":[15],"34":[10],"35":[9],"36":[6],"37":[1],"38":[4],"39":[2],"40":[1],"41":[10],"42":[5]},"fnMap":{"0":{"name":"getDoubleNumbers","decl":{"start":{"line":1,"column":0},"end":{"line":8,"column":1}},"loc":{"start":{"line":1,"column":0},"end":{"line":8,"column":1}},"line":1},"1":{"name":"getEvenNumbers","decl":{"start":{"line":10,"column":24},"end":{"line":18,"column":1}},"loc":{"start":{"line":10,"column":24},"end":{"line":18,"column":1}},"line":10},"2":{"name":"addThreeToEachElement","decl":{"start":{"line":20,"column":0},"end":{"line":23,"column":1}},"loc":{"start":{"line":20,"column":0},"end":{"line":23,"column":1}},"line":20},"3":{"name":"getOddNumbers","decl":{"start":{"line":25,"column":0},"end":{"line":28,"column":1}},"loc":{"start":{"line":25,"column":0},"end":{"line":28,"column":1}},"line":25},"4":{"name":"getWordsWithLengthGreaterThanFour","decl":{"start":{"line":30,"column":0},"end":{"line":33,"column":1}},"loc":{"start":{"line":30,"column":0},"end":{"line":33,"column":1}},"line":30},"5":{"name":"getStudents","decl":{"start":{"line":35,"column":0},"end":{"line":37,"column":1}},"loc":{"start":{"line":35,"column":0},"end":{"line":37,"column":1}},"line":35},"6":{"name":"getScores","decl":{"start":{"line":43,"column":0},"end":{"line":45,"column":1}},"loc":{"start":{"line":43,"column":0},"end":{"line":45,"column":1}},"line":43},"7":{"name":"addFiveToEachElement","decl":{"start":{"line":47,"column":0},"end":{"line":49,"column":1}},"loc":{"start":{"line":47,"column":0},"end":{"line":49,"column":1}},"line":47},"8":{"name":"squaredNumbers","decl":{"start":{"line":51,"column":0},"end":{"line":53,"column":1}},"loc":{"start":{"line":51,"column":0},"end":{"line":53,"column":1}},"line":51},"9":{"name":"distributeBooks","decl":{"start":{"line":55,"column":0},"end":{"line":61,"column":1}},"loc":{"start":{"line":55,"column":0},"end":{"line":61,"column":1}},"line":55},"10":{"name":"getAfternoonClasses","decl":{"start":{"line":63,"column":0},"end":{"line":65,"column":1}},"loc":{"start":{"line":63,"column":0},"end":{"line":65,"column":1}},"line":63},"11":{"name":"getTotalAmount","decl":{"start":{"line":67,"column":0},"end":{"line":73,"column":1}},"loc":{"start":{"line":67,"column":0},"end":{"line":73,"column":1}},"line":67},"12":{"name":"getHealthyItems","decl":{"start":{"line":75,"column":0},"end":{"line":82,"column":1}},"loc":{"start":{"line":75,"column":0},"end":{"line":82,"column":1}},"line":75},"13":{"name":"getOnesAndZeros","decl":{"start":{"line":84,"column":0},"end":{"line":86,"column":1}},"loc":{"start":{"line":84,"column":0},"end":{"line":86,"column":1}},"line":84},"14":{"name":"pascalTriangle","decl":{"start":{"line":100,"column":0},"end":{"line":113,"column":1}},"loc":{"start":{"line":100,"column":0},"end":{"line":113,"column":1}},"line":100},"15":{"name":"findMissingNumbers","decl":{"start":{"line":115,"column":0},"end":{"line":123,"column":1}},"loc":{"start":{"line":115,"column":0},"end":{"line":123,"column":1}},"line":115},"16":{"name":"multiplesOfC","decl":{"start":{"line":125,"column":0},"end":{"line":133,"column":1}},"loc":{"start":{"line":125,"column":0},"end":{"line":133,"column":1}},"line":125}},"f":{"0":1,"1":1,"2":1,"3":1,"4":1,"5":1,"6":1,"7":1,"8":1,"9":1,"10":1,"11":1,"12":1,"13":1,"14":1,"15":1,"16":1}}
}
