TN:
SF:index.js
FN:1,addTwoNumbers
FN:7,multiply
FN:12,divideTwoNumbers
FN:17,getOddNumbers
FNF:4
FNH:4
FNDA:1,addTwoNumbers
FNDA:1,multiply
FNDA:1,divideTwoNumbers
FNDA:1,getOddNumbers
DA:1,1
DA:2,1
DA:3,1
DA:4,1
DA:5,1
DA:6,1
DA:7,1
DA:8,1
DA:9,1
DA:10,1
DA:11,1
DA:12,1
DA:13,1
DA:14,1
DA:15,1
DA:16,1
DA:17,1
DA:18,1
DA:19,1
DA:20,6
DA:21,3
DA:22,3
DA:23,6
DA:24,1
DA:25,1
DA:26,1
DA:27,1
DA:28,1
LF:28
LH:28
BRDA:1,0,0,1
BRDA:7,1,0,1
BRDA:12,2,0,1
BRDA:17,3,0,1
BRDA:19,4,0,6
BRDA:20,5,0,3
BRF:6
BRH:6
end_of_record
TN:
SF:kata_11th_feb\array.js
FN:1,getDoubleNumbers
FN:10,getEvenNumbers
FN:20,addThreeToEachElement
FN:25,getOddNumbers
FN:30,getWordsWithLengthGreaterThanFour
FN:35,getStudents
FN:43,getScores
FN:47,addFiveToEachElement
FN:51,squaredNumbers
FN:55,distributeBooks
FN:63,getAfternoonClasses
FN:67,getTotalAmount
FN:75,getHealthyItems
FNF:13
FNH:13
FNDA:1,getDoubleNumbers
FNDA:1,getEvenNumbers
FNDA:1,addThreeToEachElement
FNDA:1,getOddNumbers
FNDA:1,getWordsWithLengthGreaterThanFour
FNDA:1,getStudents
FNDA:1,getScores
FNDA:1,addFiveToEachElement
FNDA:1,squaredNumbers
FNDA:1,distributeBooks
FNDA:1,getAfternoonClasses
FNDA:1,getTotalAmount
FNDA:1,getHealthyItems
DA:1,1
DA:2,1
DA:3,1
DA:4,6
DA:5,6
DA:6,1
DA:7,1
DA:8,1
DA:9,1
DA:10,1
DA:11,1
DA:12,1
DA:13,6
DA:14,3
DA:15,6
DA:16,1
DA:17,1
DA:18,1
DA:19,1
DA:20,1
DA:21,1
DA:22,1
DA:23,1
DA:24,1
DA:25,1
DA:26,1
DA:27,1
DA:28,1
DA:29,1
DA:30,1
DA:31,1
DA:32,1
DA:33,1
DA:34,1
DA:35,1
DA:36,1
DA:37,1
DA:38,1
DA:39,1
DA:40,1
DA:41,1
DA:42,1
DA:43,1
DA:44,1
DA:45,1
DA:46,1
DA:47,1
DA:48,1
DA:49,1
DA:50,1
DA:51,1
DA:52,1
DA:53,1
DA:54,1
DA:55,1
DA:56,1
DA:57,1
DA:58,4
DA:59,4
DA:60,1
DA:61,1
DA:62,1
DA:63,1
DA:64,1
DA:65,1
DA:66,1
DA:67,1
DA:68,1
DA:69,1
DA:70,4
DA:71,4
DA:72,1
DA:73,1
DA:74,1
DA:75,1
DA:76,1
DA:77,1
DA:78,6
DA:79,3
DA:80,3
DA:81,1
DA:82,1
DA:83,1
DA:84,1
DA:85,1
DA:86,1
DA:87,1
DA:88,1
DA:89,1
DA:90,1
DA:91,1
DA:92,1
DA:93,1
DA:94,1
DA:95,1
LF:95
LH:95
BRDA:1,0,0,1
BRDA:3,1,0,6
BRDA:10,2,0,1
BRDA:12,3,0,6
BRDA:13,4,0,3
BRDA:20,5,0,1
BRDA:21,6,0,6
BRDA:25,7,0,1
BRDA:26,8,0,6
BRDA:30,9,0,1
BRDA:31,10,0,5
BRDA:35,11,0,1
BRDA:36,12,0,4
BRDA:43,13,0,1
BRDA:44,14,0,10
BRDA:47,15,0,1
BRDA:48,16,0,5
BRDA:51,17,0,1
BRDA:52,18,0,5
BRDA:55,19,0,1
BRDA:57,20,0,4
BRDA:63,21,0,1
BRDA:64,22,0,5
BRDA:67,23,0,1
BRDA:69,24,0,4
BRDA:75,25,0,1
BRDA:76,26,0,6
BRDA:77,27,0,6
BRDA:78,28,0,3
BRF:29
BRH:29
end_of_record
TN:
SF:kata_11th_feb\bank.js
FN:4,deposit
FN:7,withdraw
FN:15,getBalance
FNF:3
FNH:3
FNDA:1,deposit
FNDA:1,withdraw
FNDA:5,getBalance
DA:1,1
DA:2,1
DA:3,1
DA:4,1
DA:5,1
DA:6,1
DA:7,1
DA:8,1
DA:9,0
DA:10,0
DA:11,1
DA:12,1
DA:13,1
DA:14,1
DA:15,1
DA:16,5
DA:17,5
DA:18,1
DA:19,1
DA:20,1
LF:20
LH:18
BRDA:4,0,0,1
BRDA:7,1,0,1
BRDA:8,2,0,0
BRDA:15,3,0,5
BRF:4
BRH:3
end_of_record
TN:
SF:kata_11th_feb\student.js
FN:11,getStudentName
FN:15,getSecondCourse
FN:19,getZipCode
FN:23,getAge
FN:27,updateAge
FN:32,getDetails
FN:39,getGPA
FNF:7
FNH:7
FNDA:2,getStudentName
FNDA:1,getSecondCourse
FNDA:1,getZipCode
FNDA:3,getAge
FNDA:2,updateAge
FNDA:1,getDetails
FNDA:1,getGPA
DA:1,1
DA:2,1
DA:3,1
DA:4,1
DA:5,1
DA:6,1
DA:7,1
DA:8,1
DA:9,1
DA:10,1
DA:11,2
DA:12,2
DA:13,2
DA:14,1
DA:15,1
DA:16,1
DA:17,1
DA:18,1
DA:19,1
DA:20,1
DA:21,1
DA:22,1
DA:23,3
DA:24,3
DA:25,3
DA:26,1
DA:27,2
DA:28,2
DA:29,2
DA:30,2
DA:31,1
DA:32,1
DA:33,1
DA:34,1
DA:35,1
DA:36,1
DA:37,1
DA:38,1
DA:39,1
DA:40,1
DA:41,1
DA:42,1
DA:43,1
DA:44,1
DA:45,1
DA:46,1
LF:46
LH:46
BRDA:11,0,0,2
BRDA:15,1,0,1
BRDA:19,2,0,1
BRDA:23,3,0,3
BRDA:27,4,0,2
BRDA:32,5,0,1
BRDA:39,6,0,1
BRF:7
BRH:7
end_of_record
