TN:
SF:index.js
FN:1,addTwoNumbers
FN:7,multiply
FN:12,divideTwoNumbers
FN:17,getOddNumbers
FNF:4
FNH:4
FNDA:1,addTwoNumbers
FNDA:1,multiply
FNDA:1,divideTwoNumbers
FNDA:1,getOddNumbers
DA:1,1
DA:2,1
DA:3,1
DA:4,1
DA:5,1
DA:6,1
DA:7,1
DA:8,1
DA:9,1
DA:10,1
DA:11,1
DA:12,1
DA:13,1
DA:14,1
DA:15,1
DA:16,1
DA:17,1
DA:18,1
DA:19,1
DA:20,6
DA:21,3
DA:22,3
DA:23,6
DA:24,1
DA:25,1
DA:26,1
DA:27,1
DA:28,1
LF:28
LH:28
BRDA:1,0,0,1
BRDA:7,1,0,1
BRDA:12,2,0,1
BRDA:17,3,0,1
BRDA:19,4,0,6
BRDA:20,5,0,3
BRF:6
BRH:6
end_of_record
